<?xml version="1.0" encoding="UTF-8"?>
<!-- Generated by org.testng.reporters.JUnitReportReporter -->
<testsuite hostname="LAPTOP-58KVVUOH" failures="0" tests="1" name="com.ebay.EBayProject.EbayClass" time="0.019" errors="0" timestamp="2021-03-05T14:39:42 IST" skipped="0">
  <testcase classname="com.ebay.EBayProject.EbayClass" name="testTitle" time="0.019"/>
  <system-out/>
</testsuite> <!-- com.ebay.EBayProject.EbayClass -->
